<?xml version="1.0" encoding="UTF-8"?>
<!-- Generated by org.testng.reporters.JUnitReportReporter -->
<testsuite skipped="0" hostname="Sakunthalas-MacBook-Air.local" name="com.Appmaker.TestCases.CRM_Template" tests="2" failures="0" timestamp="2022-01-18T11:41:48 IST" time="159.212" errors="0">
  <testcase name="LogintoApplication" time="76.362" classname="com.Appmaker.TestCases.CRM_Template"/>
  <system-out/>
  <testcase name="createNewCRMapp" time="82.850" classname="com.Appmaker.TestCases.CRM_Template"/>
  <system-out/>
</testsuite> <!-- com.Appmaker.TestCases.CRM_Template -->
