<?xml version="1.0" encoding="UTF-8"?>
<!-- Generated by org.testng.reporters.JUnitReportReporter -->
<testsuite hostname="Sakunthalas-MacBook-Air.local" failures="0" tests="2" name="com.Appmaker.TestCases.CRM_Template" time="155.720" errors="0" timestamp="2022-01-16T17:44:55 IST" skipped="0">
  <testcase classname="com.Appmaker.TestCases.CRM_Template" name="LogintoApplication" time="73.031"/>
  <system-out/>
  <testcase classname="com.Appmaker.TestCases.CRM_Template" name="createNewCRMapp" time="82.689"/>
  <system-out/>
</testsuite> <!-- com.Appmaker.TestCases.CRM_Template -->
