<?xml version="1.0" encoding="UTF-8"?>
<!-- Generated by org.testng.reporters.JUnitReportReporter -->
<testsuite skipped="0" hostname="Sakunthalas-MacBook-Air.local" name="com.Appmaker.TestCases.CRM_Template" tests="2" failures="0" timestamp="2022-01-20T22:42:40 IST" time="155.851" errors="0">
  <testcase name="LogintoApplication" time="73.893" classname="com.Appmaker.TestCases.CRM_Template"/>
  <system-out/>
  <testcase name="createNewCRMapp" time="81.958" classname="com.Appmaker.TestCases.CRM_Template"/>
  <system-out/>
</testsuite> <!-- com.Appmaker.TestCases.CRM_Template -->
