<?xml version="1.0" encoding="UTF-8"?>
<!-- Generated by org.testng.reporters.JUnitReportReporter -->
<testsuite skipped="0" hostname="Sakunthalas-MacBook-Air.local" name="com.Appmaker.TestCases.CRM_Template" tests="2" failures="0" timestamp="2022-01-21T15:11:49 IST" time="158.605" errors="0">
  <testcase name="LogintoApplication" time="73.559" classname="com.Appmaker.TestCases.CRM_Template"/>
  <system-out/>
  <testcase name="createNewCRMapp" time="85.046" classname="com.Appmaker.TestCases.CRM_Template"/>
  <system-out/>
</testsuite> <!-- com.Appmaker.TestCases.CRM_Template -->
